{"level":"error","message":"retry function: Button does not exist","timestamp":"2024-Oct-29 16:33:43"}

{"level":"error","message":"retry function: Button does not exist","timestamp":"2024-Oct-29 16:34:06"}

{"level":"error","message":"retry function: Button does not exist","timestamp":"2024-Oct-29 16:34:28"}

{"level":"error","message":"retry function: Button does not exist","timestamp":"2024-Oct-29 16:34:50"}

{"level":"error","message":"retry function: Button does not exist","timestamp":"2024-Oct-29 16:35:12"}

{"level":"error","message":"retry function: Button does not exist","timestamp":"2024-Oct-29 16:35:34"}

{"level":"error","message":"retry function: Button does not exist","timestamp":"2024-Oct-29 16:35:57"}

{"level":"error","message":"retry function: Button does not exist","timestamp":"2024-Oct-29 16:36:18"}

{"level":"error","message":"retry function: Button does not exist","timestamp":"2024-Oct-29 16:37:08"}

{"level":"error","message":"retry function: Button does not exist","timestamp":"2024-Oct-29 16:37:30"}

{"level":"error","message":"retry function: Button does not exist","timestamp":"2024-Oct-29 16:37:52"}

{"level":"error","message":"retry function: Button does not exist","timestamp":"2024-Oct-29 16:38:15"}

{"level":"error","message":"retry function: Button does not exist","timestamp":"2025-Apr-29 16:38:52"}

{"level":"error","message":"retry function: Button does not exist","timestamp":"2025-Apr-29 16:39:08"}

{"level":"error","message":"retry function: Button does not exist","timestamp":"2025-Apr-29 16:39:13"}

{"level":"error","message":"retry function: Button does not exist","timestamp":"2025-Apr-29 16:39:52"}

{"level":"error","message":"retry function: Button does not exist","timestamp":"2025-Apr-29 16:40:14"}

{"level":"error","message":"retry function: Button does not exist","timestamp":"2025-Apr-29 16:40:35"}

{"level":"error","message":"retry function: Button does not exist","timestamp":"2025-Apr-29 16:40:57"}

{"level":"error","message":"retry function: Button does not exist","timestamp":"2025-Apr-29 16:41:20"}

{"level":"error","message":"retry function: Button does not exist","timestamp":"2025-Apr-29 16:41:41"}

{"level":"error","message":"retry function: Button does not exist","timestamp":"2025-Apr-29 16:42:03"}

{"level":"error","message":"retry function: Button does not exist","timestamp":"2025-Apr-29 16:42:24"}

{"level":"error","message":"retry function: Button does not exist","timestamp":"2025-Apr-29 16:42:46"}

{"level":"error","message":"retry function: Button does not exist","timestamp":"2025-Apr-29 16:43:08"}

{"level":"error","message":"retry function: Button does not exist","timestamp":"2025-Apr-29 16:43:29"}

{"level":"error","message":"Button does not exist","stack":"Error: Button does not exist\n    at automateSprout (/Users/AndrewPinon/projects/lazyboi/login.js:41:13)\n    at process.processTicksAndRejections (node:internal/process/task_queues:105:5)\n    at async retryCatch (/Users/AndrewPinon/projects/lazyboi/retryCatch.js:6:5)\n    at async retryCatch (/Users/AndrewPinon/projects/lazyboi/retryCatch.js:11:7)\n    at async retryCatch (/Users/AndrewPinon/projects/lazyboi/retryCatch.js:11:7)\n    at async retryCatch (/Users/AndrewPinon/projects/lazyboi/retryCatch.js:11:7)\n    at async retryCatch (/Users/AndrewPinon/projects/lazyboi/retryCatch.js:11:7)\n    at async retryCatch (/Users/AndrewPinon/projects/lazyboi/retryCatch.js:11:7)\n    at async retryCatch (/Users/AndrewPinon/projects/lazyboi/retryCatch.js:11:7)\n    at async retryCatch (/Users/AndrewPinon/projects/lazyboi/retryCatch.js:11:7)","timestamp":"2025-Apr-29 16:43:29"}

{"level":"error","message":"retry function: Button does not exist","timestamp":"2025-Apr-29 16:47:35"}

{"level":"error","message":"retry function: Button does not exist","timestamp":"2025-Apr-29 16:48:24"}

{"level":"error","message":"retry function: Button does not exist","timestamp":"2025-Apr-29 16:48:27"}

{"level":"error","message":"retry function: Button does not exist","timestamp":"2025-Apr-29 16:48:45"}

{"level":"error","message":"retry function: Button does not exist","timestamp":"2025-Apr-29 16:48:48"}

{"level":"error","message":"retry function: Button does not exist","timestamp":"2025-Apr-29 16:50:21"}

{"level":"error","message":"retry function: Button does not exist","timestamp":"2025-Apr-29 16:50:28"}

{"level":"error","message":"retry function: Button does not exist","timestamp":"2025-Apr-29 16:56:28"}

{"level":"error","message":"retry function: Button does not exist","timestamp":"2025-Apr-29 16:56:50"}

{"level":"error","message":"retry function: Button does not exist","timestamp":"2025-Apr-29 17:00:14"}

{"level":"error","message":"retry function: Button does not exist","timestamp":"2025-Apr-29 17:00:35"}

{"level":"error","message":"retry function: Button does not exist","timestamp":"2025-Apr-29 17:00:57"}

{"level":"error","message":"Button does not exist","stack":"Error: Button does not exist\n    at automateSprout (/Users/AndrewPinon/projects/lazyboi/login.js:41:13)\n    at process.processTicksAndRejections (node:internal/process/task_queues:105:5)\n    at async retryCatch (/Users/AndrewPinon/projects/lazyboi/retryCatch.js:6:5)\n    at async retryCatch (/Users/AndrewPinon/projects/lazyboi/retryCatch.js:11:7)\n    at async retryCatch (/Users/AndrewPinon/projects/lazyboi/retryCatch.js:11:7)\n    at async /Users/AndrewPinon/projects/lazyboi/server.js:23:3","timestamp":"2025-Apr-29 17:00:57"}

{"level":"error","message":"retry function: Button does not exist","timestamp":"2025-Apr-29 17:04:53"}

{"level":"error","message":"retry function: Button does not exist","timestamp":"2025-Apr-29 17:05:15"}

{"level":"error","message":"retry function: net::ERR_INTERNET_DISCONNECTED at https://theoriamedical.hrhub.ph/EmployeeDashboard.aspx","timestamp":"2025-Apr-29 20:53:50"}

{"level":"error","message":"retry function: net::ERR_INTERNET_DISCONNECTED at https://theoriamedical.hrhub.ph/EmployeeDashboard.aspx","timestamp":"2025-Apr-29 20:53:50"}

{"level":"error","message":"retry function: net::ERR_INTERNET_DISCONNECTED at https://theoriamedical.hrhub.ph/EmployeeDashboard.aspx","timestamp":"2025-Apr-29 20:53:50"}

{"level":"error","message":"retry function: net::ERR_INTERNET_DISCONNECTED at https://theoriamedical.hrhub.ph/EmployeeDashboard.aspx","timestamp":"2025-Apr-29 20:53:51"}

{"level":"error","message":"retry function: net::ERR_INTERNET_DISCONNECTED at https://theoriamedical.hrhub.ph/EmployeeDashboard.aspx","timestamp":"2025-Apr-29 20:53:51"}

{"level":"error","message":"retry function: net::ERR_INTERNET_DISCONNECTED at https://theoriamedical.hrhub.ph/EmployeeDashboard.aspx","timestamp":"2025-Apr-29 20:53:51"}

{"level":"error","message":"retry function: net::ERR_INTERNET_DISCONNECTED at https://theoriamedical.hrhub.ph/EmployeeDashboard.aspx","timestamp":"2025-Apr-29 20:53:52"}

{"level":"error","message":"retry function: net::ERR_INTERNET_DISCONNECTED at https://theoriamedical.hrhub.ph/EmployeeDashboard.aspx","timestamp":"2025-Apr-29 20:53:52"}

{"level":"error","message":"retry function: net::ERR_INTERNET_DISCONNECTED at https://theoriamedical.hrhub.ph/EmployeeDashboard.aspx","timestamp":"2025-Apr-29 20:53:52"}

{"level":"error","message":"retry function: net::ERR_INTERNET_DISCONNECTED at https://theoriamedical.hrhub.ph/EmployeeDashboard.aspx","timestamp":"2025-Apr-29 20:53:52"}

{"level":"error","message":"retry function: net::ERR_INTERNET_DISCONNECTED at https://theoriamedical.hrhub.ph/EmployeeDashboard.aspx","timestamp":"2025-Apr-29 20:53:53"}

{"level":"error","message":"net::ERR_INTERNET_DISCONNECTED at https://theoriamedical.hrhub.ph/EmployeeDashboard.aspx","stack":"Error: net::ERR_INTERNET_DISCONNECTED at https://theoriamedical.hrhub.ph/EmployeeDashboard.aspx\n    at navigate (/Users/AndrewPinon/projects/lazyboi/node_modules/puppeteer-core/lib/cjs/puppeteer/cdp/Frame.js:170:27)\n    at process.processTicksAndRejections (node:internal/process/task_queues:105:5)\n    at async Deferred.race (/Users/AndrewPinon/projects/lazyboi/node_modules/puppeteer-core/lib/cjs/puppeteer/util/Deferred.js:31:20)\n    at async CdpFrame.goto (/Users/AndrewPinon/projects/lazyboi/node_modules/puppeteer-core/lib/cjs/puppeteer/cdp/Frame.js:136:25)\n    at async CdpPage.goto (/Users/AndrewPinon/projects/lazyboi/node_modules/puppeteer-core/lib/cjs/puppeteer/api/Page.js:605:20)\n    at async automateSprout (/Users/AndrewPinon/projects/lazyboi/login.js:28:5)\n    at async retryCatch (/Users/AndrewPinon/projects/lazyboi/retryCatch.js:6:5)\n    at async retryCatch (/Users/AndrewPinon/projects/lazyboi/retryCatch.js:12:7)\n    at async retryCatch (/Users/AndrewPinon/projects/lazyboi/retryCatch.js:12:7)\n    at async retryCatch (/Users/AndrewPinon/projects/lazyboi/retryCatch.js:12:7)","timestamp":"2025-Apr-29 20:53:53"}

{"level":"error","message":"retry function: net::ERR_INTERNET_DISCONNECTED at https://theoriamedical.hrhub.ph/EmployeeDashboard.aspx","timestamp":"2025-Apr-29 21:00:14"}

{"level":"error","message":"retry function: net::ERR_INTERNET_DISCONNECTED at https://theoriamedical.hrhub.ph/EmployeeDashboard.aspx","timestamp":"2025-Apr-29 21:00:14"}

{"level":"error","message":"retry function: net::ERR_INTERNET_DISCONNECTED at https://theoriamedical.hrhub.ph/EmployeeDashboard.aspx","timestamp":"2025-Apr-29 21:00:15"}

{"level":"error","message":"retry function: net::ERR_INTERNET_DISCONNECTED at https://theoriamedical.hrhub.ph/EmployeeDashboard.aspx","timestamp":"2025-Apr-29 21:00:15"}

{"level":"error","message":"retry function: net::ERR_INTERNET_DISCONNECTED at https://theoriamedical.hrhub.ph/EmployeeDashboard.aspx","timestamp":"2025-Apr-29 21:00:15"}

{"level":"error","message":"retry function: net::ERR_INTERNET_DISCONNECTED at https://theoriamedical.hrhub.ph/EmployeeDashboard.aspx","timestamp":"2025-Apr-29 21:00:16"}

{"level":"error","message":"retry function: net::ERR_INTERNET_DISCONNECTED at https://theoriamedical.hrhub.ph/EmployeeDashboard.aspx","timestamp":"2025-Apr-29 21:00:16"}

{"level":"error","message":"retry function: net::ERR_INTERNET_DISCONNECTED at https://theoriamedical.hrhub.ph/EmployeeDashboard.aspx","timestamp":"2025-Apr-29 21:00:16"}

{"level":"error","message":"retry function: net::ERR_INTERNET_DISCONNECTED at https://theoriamedical.hrhub.ph/EmployeeDashboard.aspx","timestamp":"2025-Apr-29 21:00:16"}

{"level":"error","message":"retry function: net::ERR_INTERNET_DISCONNECTED at https://theoriamedical.hrhub.ph/EmployeeDashboard.aspx","timestamp":"2025-Apr-29 21:00:17"}

{"level":"error","message":"retry function: net::ERR_INTERNET_DISCONNECTED at https://theoriamedical.hrhub.ph/EmployeeDashboard.aspx","timestamp":"2025-Apr-29 21:00:17"}

{"level":"error","message":"net::ERR_INTERNET_DISCONNECTED at https://theoriamedical.hrhub.ph/EmployeeDashboard.aspx","stack":"Error: net::ERR_INTERNET_DISCONNECTED at https://theoriamedical.hrhub.ph/EmployeeDashboard.aspx\n    at navigate (/Users/AndrewPinon/projects/lazyboi/node_modules/puppeteer-core/lib/cjs/puppeteer/cdp/Frame.js:170:27)\n    at process.processTicksAndRejections (node:internal/process/task_queues:105:5)\n    at async Deferred.race (/Users/AndrewPinon/projects/lazyboi/node_modules/puppeteer-core/lib/cjs/puppeteer/util/Deferred.js:31:20)\n    at async CdpFrame.goto (/Users/AndrewPinon/projects/lazyboi/node_modules/puppeteer-core/lib/cjs/puppeteer/cdp/Frame.js:136:25)\n    at async CdpPage.goto (/Users/AndrewPinon/projects/lazyboi/node_modules/puppeteer-core/lib/cjs/puppeteer/api/Page.js:605:20)\n    at async automateSprout (/Users/AndrewPinon/projects/lazyboi/login.js:28:5)\n    at async retryCatch (/Users/AndrewPinon/projects/lazyboi/retryCatch.js:6:5)\n    at async retryCatch (/Users/AndrewPinon/projects/lazyboi/retryCatch.js:12:7)\n    at async retryCatch (/Users/AndrewPinon/projects/lazyboi/retryCatch.js:12:7)\n    at async retryCatch (/Users/AndrewPinon/projects/lazyboi/retryCatch.js:12:7)","timestamp":"2025-Apr-29 21:00:17"}

{"level":"error","message":"retry function: net::ERR_INTERNET_DISCONNECTED at https://theoriamedical.hrhub.ph/EmployeeDashboard.aspx","timestamp":"2025-Apr-29 21:01:56"}

{"level":"error","message":"retry function: net::ERR_INTERNET_DISCONNECTED at https://theoriamedical.hrhub.ph/EmployeeDashboard.aspx","timestamp":"2025-Apr-29 21:01:57"}

{"level":"error","message":"retry function: net::ERR_INTERNET_DISCONNECTED at https://theoriamedical.hrhub.ph/EmployeeDashboard.aspx","timestamp":"2025-Apr-29 21:01:57"}

{"level":"error","message":"retry function: net::ERR_INTERNET_DISCONNECTED at https://theoriamedical.hrhub.ph/EmployeeDashboard.aspx","timestamp":"2025-Apr-29 21:01:57"}

{"level":"error","message":"retry function: net::ERR_INTERNET_DISCONNECTED at https://theoriamedical.hrhub.ph/EmployeeDashboard.aspx","timestamp":"2025-Apr-29 21:01:57"}

{"level":"error","message":"retry function: net::ERR_INTERNET_DISCONNECTED at https://theoriamedical.hrhub.ph/EmployeeDashboard.aspx","timestamp":"2025-Apr-29 21:01:58"}

{"level":"error","message":"retry function: net::ERR_INTERNET_DISCONNECTED at https://theoriamedical.hrhub.ph/EmployeeDashboard.aspx","timestamp":"2025-Apr-29 21:01:58"}

{"level":"error","message":"retry function: net::ERR_INTERNET_DISCONNECTED at https://theoriamedical.hrhub.ph/EmployeeDashboard.aspx","timestamp":"2025-Apr-29 21:01:58"}

{"level":"error","message":"retry function: net::ERR_INTERNET_DISCONNECTED at https://theoriamedical.hrhub.ph/EmployeeDashboard.aspx","timestamp":"2025-Apr-29 21:01:58"}

{"level":"error","message":"retry function: net::ERR_INTERNET_DISCONNECTED at https://theoriamedical.hrhub.ph/EmployeeDashboard.aspx","timestamp":"2025-Apr-29 21:01:59"}

{"level":"error","message":"retry function: net::ERR_INTERNET_DISCONNECTED at https://theoriamedical.hrhub.ph/EmployeeDashboard.aspx","timestamp":"2025-Apr-29 21:01:59"}

{"level":"error","message":"net::ERR_INTERNET_DISCONNECTED at https://theoriamedical.hrhub.ph/EmployeeDashboard.aspx","stack":"Error: net::ERR_INTERNET_DISCONNECTED at https://theoriamedical.hrhub.ph/EmployeeDashboard.aspx\n    at navigate (/Users/AndrewPinon/projects/lazyboi/node_modules/puppeteer-core/lib/cjs/puppeteer/cdp/Frame.js:170:27)\n    at process.processTicksAndRejections (node:internal/process/task_queues:105:5)\n    at async Deferred.race (/Users/AndrewPinon/projects/lazyboi/node_modules/puppeteer-core/lib/cjs/puppeteer/util/Deferred.js:31:20)\n    at async CdpFrame.goto (/Users/AndrewPinon/projects/lazyboi/node_modules/puppeteer-core/lib/cjs/puppeteer/cdp/Frame.js:136:25)\n    at async CdpPage.goto (/Users/AndrewPinon/projects/lazyboi/node_modules/puppeteer-core/lib/cjs/puppeteer/api/Page.js:605:20)\n    at async automateSprout (/Users/AndrewPinon/projects/lazyboi/login.js:28:5)\n    at async retryCatch (/Users/AndrewPinon/projects/lazyboi/retryCatch.js:6:5)\n    at async retryCatch (/Users/AndrewPinon/projects/lazyboi/retryCatch.js:12:7)\n    at async retryCatch (/Users/AndrewPinon/projects/lazyboi/retryCatch.js:12:7)\n    at async retryCatch (/Users/AndrewPinon/projects/lazyboi/retryCatch.js:12:7)","timestamp":"2025-Apr-29 21:01:59"}

{"level":"error","message":"retry function: net::ERR_INTERNET_DISCONNECTED at https://theoriamedical.hrhub.ph/EmployeeDashboard.aspx","timestamp":"2025-Apr-29 21:02:02"}

{"level":"error","message":"retry function: net::ERR_INTERNET_DISCONNECTED at https://theoriamedical.hrhub.ph/EmployeeDashboard.aspx","timestamp":"2025-Apr-29 21:02:02"}

{"level":"error","message":"retry function: net::ERR_INTERNET_DISCONNECTED at https://theoriamedical.hrhub.ph/EmployeeDashboard.aspx","timestamp":"2025-Apr-29 21:02:03"}

{"level":"error","message":"retry function: net::ERR_INTERNET_DISCONNECTED at https://theoriamedical.hrhub.ph/EmployeeDashboard.aspx","timestamp":"2025-Apr-29 21:02:03"}

{"level":"error","message":"retry function: net::ERR_INTERNET_DISCONNECTED at https://theoriamedical.hrhub.ph/EmployeeDashboard.aspx","timestamp":"2025-Apr-29 21:02:03"}

{"level":"error","message":"retry function: net::ERR_INTERNET_DISCONNECTED at https://theoriamedical.hrhub.ph/EmployeeDashboard.aspx","timestamp":"2025-Apr-29 21:02:03"}

{"level":"error","message":"retry function: net::ERR_INTERNET_DISCONNECTED at https://theoriamedical.hrhub.ph/EmployeeDashboard.aspx","timestamp":"2025-Apr-29 21:02:04"}

{"level":"error","message":"retry function: net::ERR_INTERNET_DISCONNECTED at https://theoriamedical.hrhub.ph/EmployeeDashboard.aspx","timestamp":"2025-Apr-29 21:02:04"}

{"level":"error","message":"retry function: net::ERR_INTERNET_DISCONNECTED at https://theoriamedical.hrhub.ph/EmployeeDashboard.aspx","timestamp":"2025-Apr-29 21:02:04"}

{"level":"error","message":"retry function: net::ERR_INTERNET_DISCONNECTED at https://theoriamedical.hrhub.ph/EmployeeDashboard.aspx","timestamp":"2025-Apr-29 21:02:04"}

{"level":"error","message":"retry function: net::ERR_INTERNET_DISCONNECTED at https://theoriamedical.hrhub.ph/EmployeeDashboard.aspx","timestamp":"2025-Apr-29 21:02:04"}

{"level":"error","message":"net::ERR_INTERNET_DISCONNECTED at https://theoriamedical.hrhub.ph/EmployeeDashboard.aspx","stack":"Error: net::ERR_INTERNET_DISCONNECTED at https://theoriamedical.hrhub.ph/EmployeeDashboard.aspx\n    at navigate (/Users/AndrewPinon/projects/lazyboi/node_modules/puppeteer-core/lib/cjs/puppeteer/cdp/Frame.js:170:27)\n    at process.processTicksAndRejections (node:internal/process/task_queues:105:5)\n    at async Deferred.race (/Users/AndrewPinon/projects/lazyboi/node_modules/puppeteer-core/lib/cjs/puppeteer/util/Deferred.js:31:20)\n    at async CdpFrame.goto (/Users/AndrewPinon/projects/lazyboi/node_modules/puppeteer-core/lib/cjs/puppeteer/cdp/Frame.js:136:25)\n    at async CdpPage.goto (/Users/AndrewPinon/projects/lazyboi/node_modules/puppeteer-core/lib/cjs/puppeteer/api/Page.js:605:20)\n    at async automateSprout (/Users/AndrewPinon/projects/lazyboi/login.js:28:5)\n    at async retryCatch (/Users/AndrewPinon/projects/lazyboi/retryCatch.js:6:5)\n    at async retryCatch (/Users/AndrewPinon/projects/lazyboi/retryCatch.js:12:7)\n    at async retryCatch (/Users/AndrewPinon/projects/lazyboi/retryCatch.js:12:7)\n    at async retryCatch (/Users/AndrewPinon/projects/lazyboi/retryCatch.js:12:7)","timestamp":"2025-Apr-29 21:02:04"}

